Arguments: 
  /Users/joshkennedy00/.nvm/versions/node/v16.0.0/bin/node /usr/local/Cellar/yarn/1.22.11/libexec/bin/yarn.js add node-fetc

PATH: 
  /Users/joshkennedy00/.nvm/versions/node/v16.0.0/bin:/Users/joshkennedy00/.local/bin:/Users/joshkennedy00/.nvm/versions/node/v15.3.0/bin:/usr/local/opt/php@7.2/sbin:/usr/local/opt/php@7.2/bin:/Users/joshkennedy00/.composer/vendor/bin:/Users/joshkennedy00/.cargo/bin:/Library/Frameworks/Python.framework/Versions/3.7/bin:/usr/local/bin:/usr/bin:/bin:/usr/sbin:/sbin:/usr/local/go/bin:/Users/joshkennedy00/.local/bin:/Users/joshkennedy00/.nvm/versions/node/v16.0.0/bin:/usr/local/opt/php@7.2/sbin:/usr/local/opt/php@7.2/bin:/Users/joshkennedy00/.composer/vendor/bin:/Users/joshkennedy00/.cargo/bin:/Library/Frameworks/Python.framework/Versions/3.7/bin:/Users/joshkennedy00/.bin:/opt/yarn-[version]/bin:/Users/joshkennedy00/.js:/usr/local/opt/sqlite/bin:/Users/joshkennedy00/go/bin:/Users/joshkennedy00/go/src/joshatouttink/battle-snakes-cli/rules/:/Users/joshkennedy00/tmux/scripts/:/Users/joshkennedy00/.bin:/opt/yarn-[version]/bin:/usr/local/bin:/Users/joshkennedy00/.js:/usr/local/opt/sqlite/bin:/Users/joshkennedy00/go/bin:/Users/joshkennedy00/go/src/joshatouttink/battle-snakes-cli/rules/:/Users/joshkennedy00/tmux/scripts/

Yarn version: 
  1.22.11

Node version: 
  16.0.0

Platform: 
  darwin x64

Trace: 
  Error: https://registry.yarnpkg.com/node-fetc: Not found
      at Request.params.callback [as _callback] (/usr/local/Cellar/yarn/1.22.11/libexec/lib/cli.js:66992:18)
      at Request.self.callback (/usr/local/Cellar/yarn/1.22.11/libexec/lib/cli.js:140763:22)
      at Request.emit (node:events:365:28)
      at Request.<anonymous> (/usr/local/Cellar/yarn/1.22.11/libexec/lib/cli.js:141735:10)
      at Request.emit (node:events:365:28)
      at IncomingMessage.<anonymous> (/usr/local/Cellar/yarn/1.22.11/libexec/lib/cli.js:141657:12)
      at Object.onceWrapper (node:events:471:28)
      at IncomingMessage.emit (node:events:377:35)
      at endReadableNT (node:internal/streams/readable:1312:12)
      at processTicksAndRejections (node:internal/process/task_queues:83:21)

npm manifest: 
  {
    "name": "server",
    "version": "1.0.0",
    "main": "index.js",
    "license": "MIT",
    "dependencies": {
      "node-fetch": "^3.1.0",
      "ws": "^8.2.3"
    }
  }

yarn manifest: 
  No manifest

Lockfile: 
  # THIS IS AN AUTOGENERATED FILE. DO NOT EDIT THIS FILE DIRECTLY.
  # yarn lockfile v1
  
  
  data-uri-to-buffer@^4.0.0:
    version "4.0.0"
    resolved "https://registry.yarnpkg.com/data-uri-to-buffer/-/data-uri-to-buffer-4.0.0.tgz#b5db46aea50f6176428ac05b73be39a57701a64b"
    integrity sha512-Vr3mLBA8qWmcuschSLAOogKgQ/Jwxulv3RNE4FXnYWRGujzrRWQI4m12fQqRkwX06C0KanhLr4hK+GydchZsaA==
  
  fetch-blob@^3.1.2:
    version "3.1.3"
    resolved "https://registry.yarnpkg.com/fetch-blob/-/fetch-blob-3.1.3.tgz#a7dca4855e39d3e3c5a1da62d4ee335c37d26012"
    integrity sha512-ax1Y5I9w+9+JiM+wdHkhBoxew+zG4AJ2SvAD1v1szpddUIiPERVGBxrMcB2ZqW0Y3PP8bOWYv2zqQq1Jp2kqUQ==
    dependencies:
      web-streams-polyfill "^3.0.3"
  
  formdata-polyfill@^4.0.10:
    version "4.0.10"
    resolved "https://registry.yarnpkg.com/formdata-polyfill/-/formdata-polyfill-4.0.10.tgz#24807c31c9d402e002ab3d8c720144ceb8848423"
    integrity sha512-buewHzMvYL29jdeQTVILecSaZKnt/RJWjoZCF5OW60Z67/GmSLBkOFM7qh1PI3zFNtJbaZL5eQu1vLfazOwj4g==
    dependencies:
      fetch-blob "^3.1.2"
  
  node-fetch@^3.1.0:
    version "3.1.0"
    resolved "https://registry.yarnpkg.com/node-fetch/-/node-fetch-3.1.0.tgz#714f4922dc270239487654eaeeab86b8206cb52e"
    integrity sha512-QU0WbIfMUjd5+MUzQOYhenAazakV7Irh1SGkWCsRzBwvm4fAhzEUaHMJ6QLP7gWT6WO9/oH2zhKMMGMuIrDyKw==
    dependencies:
      data-uri-to-buffer "^4.0.0"
      fetch-blob "^3.1.2"
      formdata-polyfill "^4.0.10"
  
  web-streams-polyfill@^3.0.3:
    version "3.2.0"
    resolved "https://registry.yarnpkg.com/web-streams-polyfill/-/web-streams-polyfill-3.2.0.tgz#a6b74026b38e4885869fb5c589e90b95ccfc7965"
    integrity sha512-EqPmREeOzttaLRm5HS7io98goBgZ7IVz79aDvqjD0kYXLtFZTc0T/U6wHTPKyIjb+MdN7DFIIX6hgdBEpWmfPA==
  
  ws@^8.2.3:
    version "8.2.3"
    resolved "https://registry.yarnpkg.com/ws/-/ws-8.2.3.tgz#63a56456db1b04367d0b721a0b80cae6d8becbba"
    integrity sha512-wBuoj1BDpC6ZQ1B7DWQBYVLphPWkm8i9Y0/3YdHjHKHiohOJ1ws+3OccDWtH+PoC9DZD5WOTrJvNbWvjS6JWaA==
